# JRE version: OpenJDK Runtime Environment 18.9 (11.0.13+8) (build 11.0.13+8)
# Java VM: OpenJDK 64-Bit Server VM 18.9 (11.0.13+8, mixed mode, tiered, compressed oops, g1 gc, windows-amd64)
Heap:
 garbage-first heap   total 780288K, used 340512K [0x0000000080000000, 0x0000000100000000)
  region size 1024K, 7 young (7168K), 7 survivors (7168K)
 Metaspace       used 170825K, capacity 178691K, committed 180604K, reserved 1206272K
  class space    used 20662K, capacity 23238K, committed 24064K, reserved 1048576K
GC Heap History (20 events):
Event: 2345.259 GC heap after
{Heap after GC invocations=232 (full 0):
 garbage-first heap   total 381952K, used 297430K [0x0000000080000000, 0x0000000100000000)
  region size 1024K, 4 young (4096K), 4 survivors (4096K)
 Metaspace       used 170033K, capacity 178379K, committed 178812K, reserved 1204224K
  class space    used 20841K, capacity 23707K, committed 23808K, reserved 1048576K
}
Event: 2345.371 GC heap before
{Heap before GC invocations=233 (full 0):
 garbage-first heap   total 381952K, used 331222K [0x0000000080000000, 0x0000000100000000)
  region size 1024K, 37 young (37888K), 4 survivors (4096K)
 Metaspace       used 170371K, capacity 178690K, committed 179196K, reserved 1204224K
  class space    used 20871K, capacity 23745K, committed 23936K, reserved 1048576K
}
Event: 2345.378 GC heap after
{Heap after GC invocations=234 (full 0):
 garbage-first heap   total 381952K, used 299819K [0x0000000080000000, 0x0000000100000000)
  region size 1024K, 5 young (5120K), 5 survivors (5120K)
 Metaspace       used 170371K, capacity 178690K, committed 179196K, reserved 1204224K
  class space    used 20871K, capacity 23745K, committed 23936K, reserved 1048576K
}
Event: 2345.421 GC heap before
{Heap before GC invocations=234 (full 0):
 garbage-first heap   total 381952K, used 313131K [0x0000000080000000, 0x0000000100000000)
  region size 1024K, 18 young (18432K), 5 survivors (5120K)
 Metaspace       used 170457K, capacity 178804K, committed 179196K, reserved 1204224K
  class space    used 20889K, capacity 23783K, committed 23936K, reserved 1048576K
}
Event: 2345.432 GC heap after
{Heap after GC invocations=235 (full 0):
 garbage-first heap   total 381952K, used 298622K [0x0000000080000000, 0x0000000100000000)
  region size 1024K, 2 young (2048K), 2 survivors (2048K)
 Metaspace       used 170457K, capacity 178804K, committed 179196K, reserved 1204224K
  class space    used 20889K, capacity 23783K, committed 23936K, reserved 1048576K
}
Event: 2345.547 GC heap before
{Heap before GC invocations=235 (full 0):
 garbage-first heap   total 381952K, used 331390K [0x0000000080000000, 0x0000000100000000)
  region size 1024K, 35 young (35840K), 2 survivors (2048K)
 Metaspace       used 171034K, capacity 179377K, committed 179708K, reserved 1206272K
  class space    used 20964K, capacity 23868K, committed 23936K, reserved 1048576K
}
Event: 2345.555 GC heap after
{Heap after GC invocations=236 (full 0):
 garbage-first heap   total 381952K, used 301027K [0x0000000080000000, 0x0000000100000000)
  region size 1024K, 5 young (5120K), 5 survivors (5120K)
 Metaspace       used 171034K, capacity 179377K, committed 179708K, reserved 1206272K
  class space    used 20964K, capacity 23868K, committed 23936K, reserved 1048576K
}
Event: 2345.745 GC heap before
{Heap before GC invocations=236 (full 0):
 garbage-first heap   total 381952K, used 332771K [0x0000000080000000, 0x0000000100000000)
  region size 1024K, 36 young (36864K), 5 survivors (5120K)
 Metaspace       used 171413K, capacity 179820K, committed 180092K, reserved 1206272K
  class space    used 21042K, capacity 23973K, committed 24064K, reserved 1048576K
}
Event: 2345.751 GC heap after
{Heap after GC invocations=237 (full 0):
 garbage-first heap   total 381952K, used 300315K [0x0000000080000000, 0x0000000100000000)
  region size 1024K, 1 young (1024K), 1 survivors (1024K)
 Metaspace       used 171413K, capacity 179820K, committed 180092K, reserved 1206272K
  class space    used 21042K, capacity 23973K, committed 24064K, reserved 1048576K
}
Event: 2345.905 GC heap before
{Heap before GC invocations=237 (full 0):
 garbage-first heap   total 381952K, used 334107K [0x0000000080000000, 0x0000000100000000)
  region size 1024K, 34 young (34816K), 1 survivors (1024K)
 Metaspace       used 171535K, capacity 179959K, committed 180092K, reserved 1206272K
  class space    used 21059K, capacity 23977K, committed 24064K, reserved 1048576K
}
Event: 2345.912 GC heap after
{Heap after GC invocations=238 (full 0):
 garbage-first heap   total 381952K, used 304890K [0x0000000080000000, 0x0000000100000000)
  region size 1024K, 5 young (5120K), 5 survivors (5120K)
 Metaspace       used 171535K, capacity 179959K, committed 180092K, reserved 1206272K
  class space    used 21059K, capacity 23977K, committed 24064K, reserved 1048576K
}
Event: 2346.057 GC heap before
{Heap before GC invocations=238 (full 0):
 garbage-first heap   total 381952K, used 333562K [0x0000000080000000, 0x0000000100000000)
  region size 1024K, 33 young (33792K), 5 survivors (5120K)
 Metaspace       used 171623K, capacity 180023K, committed 180348K, reserved 1206272K
  class space    used 21059K, capacity 23977K, committed 24064K, reserved 1048576K
}
Event: 2346.073 GC heap after
{Heap after GC invocations=239 (full 0):
 garbage-first heap   total 450560K, used 312178K [0x0000000080000000, 0x0000000100000000)
  region size 1024K, 5 young (5120K), 5 survivors (5120K)
 Metaspace       used 171623K, capacity 180023K, committed 180348K, reserved 1206272K
  class space    used 21059K, capacity 23977K, committed 24064K, reserved 1048576K
}
Event: 2346.426 GC heap before
{Heap before GC invocations=239 (full 0):
 garbage-first heap   total 450560K, used 367474K [0x0000000080000000, 0x0000000100000000)
  region size 1024K, 60 young (61440K), 5 survivors (5120K)
 Metaspace       used 170625K, capacity 178484K, committed 180348K, reserved 1206272K
  class space    used 20647K, capacity 23235K, committed 24064K, reserved 1048576K
}
Event: 2346.443 GC heap after
{Heap after GC invocations=240 (full 0):
 garbage-first heap   total 450560K, used 319667K [0x0000000080000000, 0x0000000100000000)
  region size 1024K, 8 young (8192K), 8 survivors (8192K)
 Metaspace       used 170625K, capacity 178484K, committed 180348K, reserved 1206272K
  class space    used 20647K, capacity 23235K, committed 24064K, reserved 1048576K
}
Event: 2346.586 GC heap before
{Heap before GC invocations=241 (full 0):
 garbage-first heap   total 450560K, used 371891K [0x0000000080000000, 0x0000000100000000)
  region size 1024K, 60 young (61440K), 8 survivors (8192K)
 Metaspace       used 170811K, capacity 178685K, committed 180604K, reserved 1206272K
  class space    used 20661K, capacity 23237K, committed 24064K, reserved 1048576K
}
Event: 2346.615 GC heap after
{Heap after GC invocations=242 (full 0):
 garbage-first heap   total 450560K, used 325977K [0x0000000080000000, 0x0000000100000000)
  region size 1024K, 7 young (7168K), 7 survivors (7168K)
 Metaspace       used 170811K, capacity 178685K, committed 180604K, reserved 1206272K
  class space    used 20661K, capacity 23237K, committed 24064K, reserved 1048576K
}
Event: 2346.728 GC heap before
{Heap before GC invocations=242 (full 0):
 garbage-first heap   total 450560K, used 377177K [0x0000000080000000, 0x0000000100000000)
  region size 1024K, 58 young (59392K), 7 survivors (7168K)
 Metaspace       used 170816K, capacity 178691K, committed 180604K, reserved 1206272K
  class space    used 20662K, capacity 23238K, committed 24064K, reserved 1048576K
}
Event: 2346.752 GC heap after
{Heap after GC invocations=243 (full 0):
 garbage-first heap   total 450560K, used 331350K [0x0000000080000000, 0x0000000100000000)
  region size 1024K, 8 young (8192K), 8 survivors (8192K)
 Metaspace       used 170816K, capacity 178691K, committed 180604K, reserved 1206272K
  class space    used 20662K, capacity 23238K, committed 24064K, reserved 1048576K
}
Event: 2346.926 GC heap before
{Heap before GC invocations=243 (full 0):
 garbage-first heap   total 450560K, used 379478K [0x0000000080000000, 0x0000000100000000)
  region size 1024K, 56 young (57344K), 8 survivors (8192K)
 Metaspace       used 170825K, capacity 178691K, committed 180604K, reserved 1206272K
  class space    used 20662K, capacity 23238K, committed 24064K, reserved 1048576K
}

